#
# There is insufficient memory for the Java Runtime Environment to continue.
# Native memory allocation (mmap) failed to map 268435456 bytes for G1 virtual space
# Possible reasons:
#   The system is out of physical RAM or swap space
#   The process is running with CompressedOops enabled, and the Java Heap may be blocking the growth of the native heap
# Possible solutions:
#   Reduce memory load on the system
#   Increase physical memory or swap space
#   Check if swap backing store is full
#   Decrease Java heap size (-Xmx/-Xms)
#   Decrease number of Java threads
#   Decrease Java thread stack sizes (-Xss)
#   Set larger code cache with -XX:ReservedCodeCacheSize=
#   JVM is running with Zero Based Compressed Oops mode in which the Java heap is
#     placed in the first 32GB address space. The Java Heap base address is the
#     maximum limit for the native heap growth. Please use -XX:HeapBaseMinAddress
#     to set the Java Heap base and to place the Java Heap above 32GB virtual address.
# This output file may be truncated or incomplete.
#
#  Out of Memory Error (./open/src/hotspot/os/windows/os_windows.cpp:3321), pid=18464, tid=35312
#
# JRE version:  (15.0.2+7) (build )
# Java VM: Java HotSpot(TM) 64-Bit Server VM (15.0.2+7-27, mixed mode, sharing, tiered, compressed oops, g1 gc, windows-amd64)
# No core dump will be written. Minidumps are not enabled by default on client versions of Windows
#

---------------  S U M M A R Y ------------

Command Line: -ea -Didea.test.cyclic.buffer.size=1048576 -javaagent:E:\IntelliJ IDEA 2020.2\lib\idea_rt.jar=4531:E:\IntelliJ IDEA 2020.2\bin -Dfile.encoding=UTF-8 com.intellij.rt.junit.JUnitStarter -ideVersion5 -junit5 com.nowcoder.community.RedisTests,testBoundOperations

Host: Intel(R) Core(TM) i5-9400F CPU @ 2.90GHz, 6 cores, 15G,  Windows 10 , 64 bit Build 18362 (10.0.18362.1350)
Time: Fri Apr  9 21:20:51 2021 ?D1¨²¡À¨º¡Á?¨º¡À?? elapsed time: 0.023570 seconds (0d 0h 0m 0s)

---------------  T H R E A D  ---------------

Current thread (0x0000017a652fccf0):  JavaThread "Unknown thread" [_thread_in_vm, id=35312, stack(0x0000003d3f500000,0x0000003d3f600000)]

Stack: [0x0000003d3f500000,0x0000003d3f600000]
Native frames: (J=compiled Java code, j=interpreted, Vv=VM code, C=native code)
V  [jvm.dll+0x62ae9a]
V  [jvm.dll+0x7817a9]
V  [jvm.dll+0x782f03]
V  [jvm.dll+0x783563]
V  [jvm.dll+0x216325]
V  [jvm.dll+0x6281d9]
V  [jvm.dll+0x61cf55]
V  [jvm.dll+0x2cffdd]
V  [jvm.dll+0x2cfe42]
V  [jvm.dll+0x2d5e1c]
V  [jvm.dll+0x32590a]
V  [jvm.dll+0x324fd4]
V  [jvm.dll+0x2a6f5a]
V  [jvm.dll+0x2a80f8]
V  [jvm.dll+0x75e241]
V  [jvm.dll+0x3341c4]
V  [jvm.dll+0x73e926]
V  [jvm.dll+0x3b7557]
V  [jvm.dll+0x3b8fe1]
C  [jli.dll+0x52fb]
C  [ucrtbase.dll+0x210b2]
C  [KERNEL32.DLL+0x17c24]
C  [ntdll.dll+0x6d721]


---------------  P R O C E S S  ---------------

Threads class SMR info:
_java_thread_list=0x00007ff8e8184ff0, length=0, elements={
}

Java Threads: ( => current thread )

Other Threads:
  0x0000017a6534bd80 GCTaskThread "GC Thread#0" [stack: 0x0000003d3f600000,0x0000003d3f700000] [id=2516]
  0x0000017a6535cf90 ConcurrentGCThread "G1 Main Marker" [stack: 0x0000003d3f700000,0x0000003d3f800000] [id=28640]
  0x0000017a6535dc00 ConcurrentGCThread "G1 Conc#0" [stack: 0x0000003d3f800000,0x0000003d3f900000] [id=556]

[error occurred during error reporting (printing all threads), id 0xc0000005, EXCEPTION_ACCESS_VIOLATION (0xc0000005) at pc=0x00007ff8e7977e27]

VM state: not at safepoint (not fully initialized)

VM Mutex/Monitor currently owned by a thread:  ([mutex/lock_event])
[0x0000017a652f8fe0] Heap_lock - owner thread: 0x0000017a652fccf0

Heap address: 0x0000000700c00000, size: 4084 MB, Compressed Oops mode: Zero based, Oop shift amount: 3
CDS archive(s) mapped at: [0x0000000000000000-0x0000000000000000-0x0000000000000000), size 0, SharedBaseAddress: 0x0000000800000000, ArchiveRelocationMode: 0.
Narrow klass base: 0x0000000000000000, Narrow klass shift: 0, Narrow klass range: 0x0

Heap:
 garbage-first heap   total 262144K, used 0K [0x0000000700c00000, 0x0000000800000000)
  region size 2048K, 0 young (0K), 0 survivors (0K)
 Metaspace       used 0K, capacity 0K, committed 0K, reserved 0K
  class space    used 0K, capacity 0K, committed 0K, reserved 0K

Heap Regions: E=young(eden), S=young(survivor), O=old, HS=humongous(starts), HC=humongous(continues), CS=collection set, F=free, OA=open archive, CA=closed archive, TAMS=top-at-mark-start (previous, next)

Card table byte_map: [0x0000017a7ce20000,0x0000017a7d620000] _byte_map_base: 0x0000017a7961a000

Marking Bits (Prev, Next): (CMBitMap*) 0x0000017a6534c5f0, (CMBitMap*) 0x0000017a6534c630
 Prev Bits: [0x0000017a00000000, 0x0000017a03fd0000)
 Next Bits: [0x0000017a03fd0000, 0x0000017a07fa0000)

GC Heap History (0 events):
No events

Deoptimization events (0 events):
No events

Classes unloaded (0 events):
No events

Classes redefined (0 events):
No events

Internal exceptions (0 events):
No events

Events (1 events):
Event: 0.011 Loaded shared library D:\work\jdk15\bin\java.dll


Dynamic libraries:
0x00007ff77e680000 - 0x00007ff77e68f000 	D:\work\jdk15\bin\java.exe
0x00007ff91d340000 - 0x00007ff91d530000 	C:\Windows\SYSTEM32\ntdll.dll
0x00007ff91cda0000 - 0x00007ff91ce52000 	C:\Windows\System32\KERNEL32.DLL
0x00007ff91a2c0000 - 0x00007ff91a565000 	C:\Windows\System32\KERNELBASE.dll
0x00007ff91acf0000 - 0x00007ff91adea000 	C:\Windows\System32\ucrtbase.dll
0x00007ff901810000 - 0x00007ff901828000 	D:\work\jdk15\bin\jli.dll
0x00007ff900690000 - 0x00007ff9006a9000 	D:\work\jdk15\bin\VCRUNTIME140.dll
0x00007ff91cba0000 - 0x00007ff91cc43000 	C:\Windows\System32\ADVAPI32.dll
0x00007ff91b8e0000 - 0x00007ff91b97e000 	C:\Windows\System32\msvcrt.dll
0x00007ff91d100000 - 0x00007ff91d197000 	C:\Windows\System32\sechost.dll
0x00007ff91c990000 - 0x00007ff91caaf000 	C:\Windows\System32\RPCRT4.dll
0x00007ff91c020000 - 0x00007ff91c1b4000 	C:\Windows\System32\USER32.dll
0x00007ff91b3c0000 - 0x00007ff91b3e1000 	C:\Windows\System32\win32u.dll
0x00007ff91c8c0000 - 0x00007ff91c8e6000 	C:\Windows\System32\GDI32.dll
0x00007ff91aea0000 - 0x00007ff91b038000 	C:\Windows\System32\gdi32full.dll
0x00007ff91b270000 - 0x00007ff91b30e000 	C:\Windows\System32\msvcp_win.dll
0x00007ff907f00000 - 0x00007ff908184000 	C:\Windows\WinSxS\amd64_microsoft.windows.common-controls_6595b64144ccf1df_6.0.18362.1379_none_9e7ff3b3e45cc0c4\COMCTL32.dll
0x00007ff91b3f0000 - 0x00007ff91b727000 	C:\Windows\System32\combase.dll
0x00007ff919dc0000 - 0x00007ff919dca000 	C:\Windows\SYSTEM32\VERSION.dll
0x00007ff91b330000 - 0x00007ff91b3b1000 	C:\Windows\System32\bcryptPrimitives.dll
0x00007ff91c960000 - 0x00007ff91c98e000 	C:\Windows\System32\IMM32.DLL
0x00007ff906ca0000 - 0x00007ff906cac000 	D:\work\jdk15\bin\vcruntime140_1.dll
0x00007ff8f2d00000 - 0x00007ff8f2d91000 	D:\work\jdk15\bin\msvcp140.dll
0x00007ff8e76c0000 - 0x00007ff8e821e000 	D:\work\jdk15\bin\server\jvm.dll
0x00007ff91cd90000 - 0x00007ff91cd98000 	C:\Windows\System32\PSAPI.DLL
0x00007ff900d70000 - 0x00007ff900d79000 	C:\Windows\SYSTEM32\WSOCK32.dll
0x00007ff91cab0000 - 0x00007ff91cb1f000 	C:\Windows\System32\WS2_32.dll
0x00007ff9182a0000 - 0x00007ff9182c4000 	C:\Windows\SYSTEM32\WINMM.dll
0x00007ff918140000 - 0x00007ff91816d000 	C:\Windows\SYSTEM32\WINMMBASE.dll
0x00007ff91b040000 - 0x00007ff91b08a000 	C:\Windows\System32\cfgmgr32.dll
0x00007ff91a200000 - 0x00007ff91a211000 	C:\Windows\System32\kernel.appcore.dll
0x00007ff906980000 - 0x00007ff90698a000 	D:\work\jdk15\bin\jimage.dll
0x00007ff906280000 - 0x00007ff906474000 	C:\Windows\SYSTEM32\DBGHELP.DLL
0x00007ff9061b0000 - 0x00007ff9061da000 	C:\Windows\SYSTEM32\dbgcore.DLL
0x00007ff9163a0000 - 0x00007ff9163ae000 	D:\work\jdk15\bin\instrument.dll
0x00007ff8ff0c0000 - 0x00007ff8ff0e5000 	D:\work\jdk15\bin\java.dll

dbghelp: loaded successfully - version: 4.0.5 - missing functions: none
symbol engine: initialized successfully - sym options: 0x614 - pdb path: .;D:\work\jdk15\bin;C:\Windows\SYSTEM32;C:\Windows\WinSxS\amd64_microsoft.windows.common-controls_6595b64144ccf1df_6.0.18362.1379_none_9e7ff3b3e45cc0c4;D:\work\jdk15\bin\server

VM Arguments:
jvm_args: -ea -Didea.test.cyclic.buffer.size=1048576 -javaagent:E:\IntelliJ IDEA 2020.2\lib\idea_rt.jar=4531:E:\IntelliJ IDEA 2020.2\bin -Dfile.encoding=UTF-8 
java_command: com.intellij.rt.junit.JUnitStarter -ideVersion5 -junit5 com.nowcoder.community.RedisTests,testBoundOperations
java_class_path (initial): E:\IntelliJ IDEA 2020.2\lib\idea_rt.jar;C:\Users\acyf1\.m2\repository\org\junit\platform\junit-platform-launcher\1.7.1\junit-platform-launcher-1.7.1.jar;C:\Users\acyf1\.m2\repository\org\junit\vintage\junit-vintage-engine\5.7.1\junit-vintage-engine-5.7.1.jar;C:\Users\acyf1\.m2\repository\junit\junit\4.13\junit-4.13.jar;C:\Users\acyf1\.m2\repository\org\hamcrest\hamcrest-core\1.3\hamcrest-core-1.3.jar;E:\IntelliJ IDEA 2020.2\plugins\junit\lib\junit5-rt.jar;E:\IntelliJ IDEA 2020.2\plugins\junit\lib\junit-rt.jar;D:\work\workspace\community\target\test-classes;D:\work\workspace\community\target\classes;C:\Users\acyf1\.m2\repository\org\springframework\boot\spring-boot-starter-aop\2.4.3\spring-boot-starter-aop-2.4.3.jar;C:\Users\acyf1\.m2\repository\org\springframework\boot\spring-boot-starter\2.4.3\spring-boot-starter-2.4.3.jar;C:\Users\acyf1\.m2\repository\org\springframework\boot\spring-boot-starter-logging\2.4.3\spring-boot-starter-logging-2.4.3.jar;C:\Users\acyf1\.m2\repository\ch\qos\logback\logback-classic\1.2.3\logback-classic-1.2.3.jar;C:\Users\acyf1\.m2\repository\ch\qos\logback\logback-core\1.2.3\logback-core-1.2.3.jar;C:\Users\acyf1\.m2\repository\org\apache\logging\log4j\log4j-to-slf4j\2.13.3\log4j-to-slf4j-2.13.3.jar;C:\Users\acyf1\.m2\repository\org\apache\logging\log4j\log4j-api\2.13.3\log4j-api-2.13.3.jar;C:\Users\acyf1\.m2\repository\org\slf4j\jul-to-slf4j\1.7.30\jul-to-slf4j-1.7.30.jar;C:\Users\acyf1\.m2\repository\jakarta\annotation\jakarta.annotation-api\1.3.5\jakarta.annotation-api-1.3.5.jar;C:\Users\acyf1\.m2\repository\org\yaml\snakeyaml\1.27\snakeyaml-1.27.jar;C:\Users\acyf1\.m2\repository\org\springframework\spring-aop\5.3.4\spring-aop-5.3.4.jar;C:\Users\acyf1\.m2\repository\org\springframework\spring-beans\5.3.4\spring-beans-5.3.4.jar;C:\Users\acyf1\.m2\repository\org\aspectj\aspectjweaver\1.9.6\aspectjweaver-1.9.6.jar;C:\Users\acyf1\.m2\repository\org\springframework\boot\spring-boot-starter-thymeleaf\2.4.3\spring-
Launcher Type: SUN_STANDARD

[Global flags]
     intx CICompilerCount                          = 3                                         {product} {ergonomic}
     uint ConcGCThreads                            = 2                                         {product} {ergonomic}
     uint G1ConcRefinementThreads                  = 6                                         {product} {ergonomic}
   size_t G1HeapRegionSize                         = 2097152                                   {product} {ergonomic}
    uintx GCDrainStackTargetSize                   = 64                                        {product} {ergonomic}
   size_t InitialHeapSize                          = 268435456                                 {product} {ergonomic}
   size_t MarkStackSize                            = 4194304                                   {product} {ergonomic}
   size_t MaxHeapSize                              = 4282384384                                {product} {ergonomic}
   size_t MinHeapDeltaBytes                        = 2097152                                   {product} {ergonomic}
   size_t MinHeapSize                              = 8388608                                   {product} {ergonomic}
    uintx NonNMethodCodeHeapSize                   = 5832780                                {pd product} {ergonomic}
    uintx NonProfiledCodeHeapSize                  = 122912730                              {pd product} {ergonomic}
    uintx ProfiledCodeHeapSize                     = 122912730                              {pd product} {ergonomic}
    uintx ReservedCodeCacheSize                    = 251658240                              {pd product} {ergonomic}
     bool SegmentedCodeCache                       = true                                      {product} {ergonomic}
   size_t SoftMaxHeapSize                          = 4282384384                             {manageable} {ergonomic}
     bool UseCompressedClassPointers               = true                                 {lp64_product} {ergonomic}
     bool UseCompressedOops                        = true                                 {lp64_product} {ergonomic}
     bool UseG1GC                                  = true                                      {product} {ergonomic}
     bool UseLargePagesIndividualAllocation        = false                                  {pd product} {ergonomic}

Logging:
Log output configuration:
 #0: stdout all=warning uptime,level,tags
 #1: stderr all=off uptime,level,tags

Environment Variables:
JAVA_HOME=D:\work\jdk15
CLASSPATH=.;D:\work\jdk15\bin;D:\work\jdk15\lib\dt.jar;D:\work\jdk15\lib\tools.jar
PATH=C:\Program Files\Common Files\Oracle\Java\javapath;C:\Program Files (x86)\Common Files\Oracle\Java\javapath;";C:\Windows\system32;C:\Windows;C:\Windows\System32\Wbem;C:\Windows\System32\WindowsPowerShell\v1.0\;C:\Windows\System32\OpenSSH\;C:\Program Files (x86)\NVIDIA Corporation\PhysX\Common;C:\Program Files\NVIDIA Corporation\NVIDIA NvDLISR;C:\Program Files\NVIDIA Corporation\NVIDIA NvDLISR;C:\Program Files (x86)\Sugon WinSCP&Putty\;D:\CTEX\UserData\miktex\bin;D:\CTEX\MiKTeX\miktex\bin;D:\CTEX\CTeX\ctex\bin;D:\CTEX\CTeX\cct\bin;D:\CTEX\CTeX\ty\bin;D:\CTEX\Ghostscript\gs9.05\bin;D:\CTEX\GSview\gsview;D:\CTEX\WinEdt";D:\work\apache-maven-3.6.3\bin;D:\work\jdk15\bin;D:\work\mysql-8.0.23-winx64\bin;C:\Program Files\Git\cmd;C:\Program Files\Git\usr\bin;C:\Program Files\NVIDIA Corporation\NVIDIA NvDLISR;D:\MATLAB\bin;D:\work\redis;D:\Anaconda;D:\Anaconda\Library\mingw-w64\bin;D:\Anaconda\Library\usr\bin;D:\Anaconda\Library\bin;D:\Anaconda\Scripts;C:\Users\acyf1\AppData\Local\Microsoft\WindowsApps;D:\PyCharm 2020.1.3\bin;;E:\IntelliJ IDEA 2020.2\bin;
USERNAME=acyf1
OS=Windows_NT
PROCESSOR_IDENTIFIER=Intel64 Family 6 Model 158 Stepping 10, GenuineIntel



---------------  S Y S T E M  ---------------

OS:
 Windows 10 , 64 bit Build 18362 (10.0.18362.1350)
OS uptime: 9 days 2:42 hours

CPU: total 6 (initial active 6) (6 cores per cpu, 1 threads per core) family 6 model 158 stepping 10 microcode 0xb4, cmov, cx8, fxsr, mmx, sse, sse2, sse3, ssse3, sse4.1, sse4.2, popcnt, vzeroupper, avx, avx2, aes, clmul, erms, 3dnowpref, lzcnt, tsc, tscinvbit, bmi1, bmi2, adx, fma, clflush, clflushopt

Memory: 4k page, system-wide physical 16329M (6140M free)
TotalPageFile size 65481M (AvailPageFile size 258M)
current process WorkingSet (physical memory assigned to process): 10M, peak: 10M
current process commit charge ("private bytes"): 56M, peak: 312M

vm_info: Java HotSpot(TM) 64-Bit Server VM (15.0.2+7-27) for windows-amd64 JRE (15.0.2+7-27), built on Dec  7 2020 20:07:01 by "mach5one" with unknown MS VC++:1925

END.
